### 20.05.2021 21:23:23
Array
(
    [name] => Админ
)



### 20.05.2021 21:23:24
Array
(
    [name] => Админ
    [catalog] => Array
        (
            [0] => Array
                (
                    [name] => Пицца
                    [price] => 24
                )

            [1] => Array
                (
                    [name] => Чай
                    [price] => 1
                )

            [2] => Array
                (
                    [name] => Яблоко
                    [price] => 12
                )

        )

)



### 20.05.2021 21:23:25
Array
(
    [name] => Админ
    [files] => Array
        (
            [0] => Ведомость.txt
            [1] => Зарплата.txt
        )

)



### 20.05.2021 21:24:55
Array
(
    [name] => Админ
)



### 20.05.2021 21:30:08
Array
(
    [name] => Админ
)



### 20.05.2021 21:30:10
Array
(
    [name] => Админ
)



### 20.05.2021 21:30:10
Array
(
    [name] => Админ
    [catalog] => Array
        (
            [0] => Array
                (
                    [name] => Пицца
                    [price] => 24
                )

            [1] => Array
                (
                    [name] => Чай
                    [price] => 1
                )

            [2] => Array
                (
                    [name] => Яблоко
                    [price] => 12
                )

        )

)



### 20.05.2021 21:30:11
Array
(
    [name] => Админ
    [files] => Array
        (
            [0] => Ведомость.txt
            [1] => Зарплата.txt
        )

)



### 20.05.2021 21:30:12
Array
(
    [name] => Админ
)



### 20.05.2021 21:30:15
Array
(
    [name] => Админ
)



### 20.05.2021 21:33:06
Array
(
    [name] => Админ
)



### 20.05.2021 21:33:07
Array
(
    [name] => Админ
    [files] => Array
        (
            [0] => Ведомость.txt
            [1] => Зарплата.txt
        )

)



### 20.05.2021 21:34:57
Array
(
    [name] => Админ
    [files] => Array
        (
            [0] => Ведомость.txt
            [1] => Зарплата.txt
        )

)



### 20.05.2021 21:34:58
Array
(
    [name] => Админ
    [catalog] => Array
        (
            [0] => Array
                (
                    [name] => Пицца
                    [price] => 24
                )

            [1] => Array
                (
                    [name] => Чай
                    [price] => 1
                )

            [2] => Array
                (
                    [name] => Яблоко
                    [price] => 12
                )

        )

)



### 20.05.2021 21:34:58
Array
(
    [name] => Админ
)



### 20.05.2021 21:34:59
Array
(
    [name] => Админ
    [catalog] => Array
        (
            [0] => Array
                (
                    [name] => Пицца
                    [price] => 24
                )

            [1] => Array
                (
                    [name] => Чай
                    [price] => 1
                )

            [2] => Array
                (
                    [name] => Яблоко
                    [price] => 12
                )

        )

)



### 20.05.2021 21:35:00
Array
(
    [name] => Админ
    [files] => Array
        (
            [0] => Ведомость.txt
            [1] => Зарплата.txt
        )

)



### 20.05.2021 21:35:01
Array
(
    [name] => Админ
)



### 20.05.2021 21:35:02
Array
(
    [name] => Админ
    [files] => Array
        (
            [0] => Ведомость.txt
            [1] => Зарплата.txt
        )

)



### 26.05.2021 05:05:48
Array
(
    [name] => Админ
)



### 26.05.2021 05:05:52
Array
(
    [name] => Админ
    [files] => Array
        (
            [0] => Ведомость.txt
            [1] => Зарплата.txt
        )

)



### 26.05.2021 05:05:56
Array
(
    [name] => Админ
)



### 26.05.2021 05:08:22
Array
(
    [name] => Админ
)



### 26.05.2021 05:08:25
Array
(
    [name] => Админ
)



### 26.05.2021 05:08:25
Array
(
    [name] => Админ
    [catalog] => Array
        (
            [0] => Array
                (
                    [name] => Пицца
                    [price] => 24
                )

            [1] => Array
                (
                    [name] => Чай
                    [price] => 1
                )

            [2] => Array
                (
                    [name] => Яблоко
                    [price] => 12
                )

        )

)



### 26.05.2021 05:08:58
Array
(
    [name] => Админ
    [catalog] => Array
        (
            [0] => Array
                (
                    [name] => Пицца
                    [price] => 24
                )

            [1] => Array
                (
                    [name] => Чай
                    [price] => 1
                )

            [2] => Array
                (
                    [name] => Яблоко
                    [price] => 12
                )

        )

)



### 26.05.2021 05:09:00
Array
(
    [name] => Админ
    [catalog] => Array
        (
            [0] => Array
                (
                    [name] => Пицца
                    [price] => 24
                )

            [1] => Array
                (
                    [name] => Чай
                    [price] => 1
                )

            [2] => Array
                (
                    [name] => Яблоко
                    [price] => 12
                )

        )

)



### 26.05.2021 05:14:41
Array
(
    [name] => Админ
)



### 26.05.2021 05:14:59
Array
(
    [name] => Админ
)



### 26.05.2021 05:17:00
Array
(
    [name] => Админ
)



### 26.05.2021 05:17:01
Array
(
    [name] => Админ
)



### 26.05.2021 05:17:31
Array
(
    [name] => Админ
)



### 26.05.2021 05:22:04
Array
(
    [name] => Админ
)



### 26.05.2021 05:22:07
Array
(
    [name] => Админ
)



### 26.05.2021 05:22:08
Array
(
    [name] => Админ
    [catalog] => Array
        (
            [0] => Array
                (
                    [name] => Пицца
                    [price] => 24
                )

            [1] => Array
                (
                    [name] => Чай
                    [price] => 1
                )

            [2] => Array
                (
                    [name] => Яблоко
                    [price] => 12
                )

        )

)



### 26.05.2021 05:22:17
Array
(
    [name] => Админ
    [files] => Array
        (
            [0] => Ведомость.txt
            [1] => Зарплата.txt
        )

)



### 26.05.2021 05:22:20
Array
(
    [name] => Админ
)



### 26.05.2021 05:25:55
Array
(
    [name] => Админ
)



### 26.05.2021 05:31:27
Array
(
    [name] => Админ
    [images] => Array
        (
            [0] => 01.jpg
            [1] => 02.jpg
            [2] => 03.jpg
            [3] => 04.jpg
            [4] => 05.jpg
            [5] => 06.jpg
            [6] => 07.jpg
            [7] => 08.jpg
            [8] => 09.jpg
            [9] => 10.jpg
            [10] => 11.jpg
            [11] => 12.jpg
            [12] => 13.jpg
            [13] => 14.jpg
            [14] => 15.jpg
        )

)



### 26.05.2021 05:32:40
Array
(
    [name] => Админ
    [images] => Array
        (
            [0] => 01.jpg
            [1] => 02.jpg
            [2] => 03.jpg
            [3] => 04.jpg
            [4] => 05.jpg
            [5] => 06.jpg
            [6] => 07.jpg
            [7] => 08.jpg
            [8] => 09.jpg
            [9] => 10.jpg
            [10] => 11.jpg
            [11] => 12.jpg
            [12] => 13.jpg
            [13] => 14.jpg
            [14] => 15.jpg
        )

)



### 26.05.2021 05:33:35
Array
(
    [name] => Админ
    [images] => 
)



### 26.05.2021 05:34:51
Array
(
    [name] => Админ
    [images] => Array
        (
            [0] => 01.jpg
            [1] => 02.jpg
            [2] => 03.jpg
            [3] => 04.jpg
            [4] => 05.jpg
            [5] => 06.jpg
            [6] => 07.jpg
            [7] => 08.jpg
            [8] => 09.jpg
            [9] => 10.jpg
            [10] => 11.jpg
            [11] => 12.jpg
            [12] => 13.jpg
            [13] => 14.jpg
            [14] => 15.jpg
        )

)



### 26.05.2021 05:35:05
Array
(
    [name] => Админ
)



### 26.05.2021 05:35:06
Array
(
    [name] => Админ
    [catalog] => Array
        (
            [0] => Array
                (
                    [name] => Пицца
                    [price] => 24
                )

            [1] => Array
                (
                    [name] => Чай
                    [price] => 1
                )

            [2] => Array
                (
                    [name] => Яблоко
                    [price] => 12
                )

        )

)



### 26.05.2021 05:35:07
Array
(
    [name] => Админ
    [files] => Array
        (
            [0] => Ведомость.txt
            [1] => Зарплата.txt
        )

)



### 26.05.2021 05:35:08
Array
(
    [name] => Админ
    [images] => Array
        (
            [0] => 01.jpg
            [1] => 02.jpg
            [2] => 03.jpg
            [3] => 04.jpg
            [4] => 05.jpg
            [5] => 06.jpg
            [6] => 07.jpg
            [7] => 08.jpg
            [8] => 09.jpg
            [9] => 10.jpg
            [10] => 11.jpg
            [11] => 12.jpg
            [12] => 13.jpg
            [13] => 14.jpg
            [14] => 15.jpg
        )

)



### 26.05.2021 05:40:23
Array
(
    [name] => Админ
    [images] => Array
        (
            [0] => 01.jpg
            [1] => 02.jpg
            [2] => 03.jpg
            [3] => 04.jpg
            [4] => 05.jpg
            [5] => 06.jpg
            [6] => 07.jpg
            [7] => 08.jpg
            [8] => 09.jpg
            [9] => 10.jpg
            [10] => 11.jpg
            [11] => 12.jpg
            [12] => 13.jpg
            [13] => 14.jpg
            [14] => 15.jpg
        )

)



### 26.05.2021 05:44:18
Array
(
    [name] => Админ
    [images] => Array
        (
            [0] => 01.jpg
            [1] => 02.jpg
            [2] => 03.jpg
            [3] => 04.jpg
            [4] => 05.jpg
            [5] => 06.jpg
            [6] => 07.jpg
            [7] => 08.jpg
            [8] => 09.jpg
            [9] => 10.jpg
            [10] => 11.jpg
            [11] => 12.jpg
            [12] => 13.jpg
            [13] => 14.jpg
            [14] => 15.jpg
        )

)



### 26.05.2021 05:45:09
Array
(
    [name] => Админ
)



### 26.05.2021 05:45:11
Array
(
    [name] => Админ
    [images] => Array
        (
            [0] => 01.jpg
            [1] => 02.jpg
            [2] => 03.jpg
            [3] => 04.jpg
            [4] => 05.jpg
            [5] => 06.jpg
            [6] => 07.jpg
            [7] => 08.jpg
            [8] => 09.jpg
            [9] => 10.jpg
            [10] => 11.jpg
            [11] => 12.jpg
            [12] => 13.jpg
            [13] => 14.jpg
            [14] => 15.jpg
            [15] => PIXECT-20180112033301.jpg
        )

)



### 26.05.2021 05:46:05
Array
(
    [name] => Админ
    [images] => Array
        (
            [0] => 01.jpg
            [1] => 02.jpg
            [2] => 03.jpg
            [3] => 04.jpg
            [4] => 05.jpg
            [5] => 06.jpg
            [6] => 07.jpg
            [7] => 08.jpg
            [8] => 09.jpg
            [9] => 10.jpg
            [10] => 11.jpg
            [11] => 12.jpg
            [12] => 13.jpg
            [13] => 14.jpg
            [14] => 15.jpg
            [15] => PIXECT-20180112031708.jpg
            [16] => PIXECT-20180112033301.jpg
        )

)



### 26.05.2021 05:50:00
Array
(
    [name] => Админ
    [files] => Array
        (
            [0] => Ведомость.txt
            [1] => Зарплата.txt
        )

)



### 26.05.2021 05:50:01
Array
(
    [name] => Админ
    [images] => Array
        (
            [0] => 01.jpg
            [1] => 02.jpg
            [2] => 03.jpg
            [3] => 04.jpg
            [4] => 05.jpg
            [5] => 06.jpg
            [6] => 07.jpg
            [7] => 08.jpg
            [8] => 09.jpg
            [9] => 10.jpg
            [10] => 11.jpg
            [11] => 12.jpg
            [12] => 13.jpg
            [13] => 14.jpg
            [14] => 15.jpg
            [15] => PIXECT-20180112031708.jpg
            [16] => PIXECT-20180112033301.jpg
        )

)



### 26.05.2021 05:50:21
Array
(
    [name] => Админ
)



### 26.05.2021 05:50:22
Array
(
    [name] => Админ
    [images] => Array
        (
            [0] => 01.jpg
            [1] => 02.jpg
            [2] => 03.jpg
            [3] => 04.jpg
            [4] => 05.jpg
            [5] => 06.jpg
            [6] => 07.jpg
            [7] => 08.jpg
            [8] => 09.jpg
            [9] => 10.jpg
            [10] => 11.jpg
            [11] => 12.jpg
            [12] => 13.jpg
            [13] => 14.jpg
            [14] => 15.jpg
            [15] => PIXECT-20180112031708.jpg
            [16] => PIXECT-20180112033301.jpg
        )

)



### 26.05.2021 05:53:00
Array
(
    [name] => Админ
    [images] => Array
        (
            [0] => 01.jpg
            [1] => 02.jpg
            [2] => 03.jpg
            [3] => 04.jpg
            [4] => 05.jpg
            [5] => 06.jpg
            [6] => 07.jpg
            [7] => 08.jpg
            [8] => 09.jpg
            [9] => 10.jpg
            [10] => 11.jpg
            [11] => 12.jpg
            [12] => 13.jpg
            [13] => 14.jpg
            [14] => 15.jpg
        )

)



